{"time":"2026-05-20T00:51:50.574816772+02:00","level":"INFO","msg":"stream: starting","core version":"0.23.1"}
{"time":"2026-05-20T00:51:50.856977645+02:00","level":"INFO","msg":"stream: created new stream","id":"2026-05-20T00-49-56_TrackMyLift-AI"}
{"time":"2026-05-20T00:51:50.857064951+02:00","level":"INFO","msg":"handler: started","stream_id":"2026-05-20T00-49-56_TrackMyLift-AI"}
{"time":"2026-05-20T00:51:50.857159089+02:00","level":"INFO","msg":"stream: started","id":"2026-05-20T00-49-56_TrackMyLift-AI"}
{"time":"2026-05-20T00:51:50.857201389+02:00","level":"INFO","msg":"writer: started","stream_id":"2026-05-20T00-49-56_TrackMyLift-AI"}
{"time":"2026-05-20T00:51:50.857227649+02:00","level":"INFO","msg":"sender: started","stream_id":"2026-05-20T00-49-56_TrackMyLift-AI"}
{"time":"2026-05-20T08:39:13.79681589+02:00","level":"INFO","msg":"api: retrying HTTP error","status":500,"url":"https://api.wandb.ai/files/nicolasdelp-universit-de-mons/TrackMyLift-AI/2026-05-20T00-49-56_TrackMyLift-AI/file_stream","body":"{\"error\":\"context deadline exceeded\"}"}
{"time":"2026-05-20T08:41:44.46090367+02:00","level":"INFO","msg":"api: retrying HTTP error","status":500,"url":"https://api.wandb.ai/files/nicolasdelp-universit-de-mons/TrackMyLift-AI/2026-05-20T00-49-56_TrackMyLift-AI/file_stream","body":"{\"error\":\"context deadline exceeded\"}"}
{"time":"2026-05-20T08:54:06.436699568+02:00","level":"INFO","msg":"api: retrying HTTP error","status":500,"url":"https://api.wandb.ai/files/nicolasdelp-universit-de-mons/TrackMyLift-AI/2026-05-20T00-49-56_TrackMyLift-AI/file_stream","body":"{\"error\":\"context deadline exceeded\"}"}
{"time":"2026-05-20T08:55:39.202949905+02:00","level":"INFO","msg":"api: retrying HTTP error","status":500,"url":"https://api.wandb.ai/files/nicolasdelp-universit-de-mons/TrackMyLift-AI/2026-05-20T00-49-56_TrackMyLift-AI/file_stream","body":"{\"error\":\"context deadline exceeded\"}"}
{"time":"2026-05-20T09:05:54.753700914+02:00","level":"INFO","msg":"api: retrying HTTP error","status":500,"url":"https://api.wandb.ai/files/nicolasdelp-universit-de-mons/TrackMyLift-AI/2026-05-20T00-49-56_TrackMyLift-AI/file_stream","body":"{\"error\":\"context deadline exceeded\"}"}
{"time":"2026-05-20T09:23:30.415180709+02:00","level":"INFO","msg":"api: retrying HTTP error","status":500,"url":"https://api.wandb.ai/files/nicolasdelp-universit-de-mons/TrackMyLift-AI/2026-05-20T00-49-56_TrackMyLift-AI/file_stream","body":"{\"error\":\"context deadline exceeded\"}"}
{"time":"2026-05-20T09:37:22.652513041+02:00","level":"INFO","msg":"api: retrying HTTP error","status":500,"url":"https://api.wandb.ai/files/nicolasdelp-universit-de-mons/TrackMyLift-AI/2026-05-20T00-49-56_TrackMyLift-AI/file_stream","body":"{\"error\":\"context deadline exceeded\"}"}
{"time":"2026-05-20T09:52:16.68198877+02:00","level":"INFO","msg":"api: retrying HTTP error","status":500,"url":"https://api.wandb.ai/files/nicolasdelp-universit-de-mons/TrackMyLift-AI/2026-05-20T00-49-56_TrackMyLift-AI/file_stream","body":"{\"error\":\"context deadline exceeded\"}"}
{"time":"2026-05-20T09:53:23.526186437+02:00","level":"INFO","msg":"api: retrying HTTP error","status":500,"url":"https://api.wandb.ai/files/nicolasdelp-universit-de-mons/TrackMyLift-AI/2026-05-20T00-49-56_TrackMyLift-AI/file_stream","body":"{\"error\":\"context deadline exceeded\"}"}
{"time":"2026-05-20T10:05:36.066518273+02:00","level":"INFO","msg":"api: retrying error","error":"Post \"https://api.wandb.ai/graphql\": context deadline exceeded (Client.Timeout exceeded while awaiting headers)"}
{"time":"2026-05-20T10:06:23.228432483+02:00","level":"INFO","msg":"api: retrying HTTP error","status":500,"url":"https://api.wandb.ai/files/nicolasdelp-universit-de-mons/TrackMyLift-AI/2026-05-20T00-49-56_TrackMyLift-AI/file_stream","body":"{\"error\":\"context deadline exceeded\"}"}
{"time":"2026-05-20T10:06:29.713306418+02:00","level":"INFO","msg":"api: retrying error","error":"Post \"https://api.wandb.ai/graphql\": net/http: request canceled (Client.Timeout exceeded while awaiting headers)"}
{"time":"2026-05-20T10:16:19.655652856+02:00","level":"INFO","msg":"api: retrying HTTP error","status":500,"url":"https://api.wandb.ai/files/nicolasdelp-universit-de-mons/TrackMyLift-AI/2026-05-20T00-49-56_TrackMyLift-AI/file_stream","body":"{\"error\":\"context deadline exceeded\"}"}
{"time":"2026-05-20T10:31:00.684153753+02:00","level":"INFO","msg":"api: retrying HTTP error","status":500,"url":"https://api.wandb.ai/files/nicolasdelp-universit-de-mons/TrackMyLift-AI/2026-05-20T00-49-56_TrackMyLift-AI/file_stream","body":"{\"error\":\"context deadline exceeded\"}"}
{"time":"2026-05-20T10:32:10.532615143+02:00","level":"INFO","msg":"api: retrying HTTP error","status":500,"url":"https://api.wandb.ai/files/nicolasdelp-universit-de-mons/TrackMyLift-AI/2026-05-20T00-49-56_TrackMyLift-AI/file_stream","body":"{\"error\":\"context deadline exceeded\"}"}
{"time":"2026-05-20T10:33:17.728012964+02:00","level":"INFO","msg":"api: retrying HTTP error","status":500,"url":"https://api.wandb.ai/files/nicolasdelp-universit-de-mons/TrackMyLift-AI/2026-05-20T00-49-56_TrackMyLift-AI/file_stream","body":"{\"error\":\"context deadline exceeded\"}"}
{"time":"2026-05-20T10:42:28.49175108+02:00","level":"INFO","msg":"api: retrying HTTP error","status":500,"url":"https://api.wandb.ai/files/nicolasdelp-universit-de-mons/TrackMyLift-AI/2026-05-20T00-49-56_TrackMyLift-AI/file_stream","body":"{\"error\":\"context deadline exceeded\"}"}
{"time":"2026-05-20T11:00:22.579757753+02:00","level":"INFO","msg":"api: retrying HTTP error","status":500,"url":"https://api.wandb.ai/files/nicolasdelp-universit-de-mons/TrackMyLift-AI/2026-05-20T00-49-56_TrackMyLift-AI/file_stream","body":"{\"error\":\"context deadline exceeded\"}"}
{"time":"2026-05-20T11:01:27.023496839+02:00","level":"INFO","msg":"api: retrying HTTP error","status":500,"url":"https://api.wandb.ai/files/nicolasdelp-universit-de-mons/TrackMyLift-AI/2026-05-20T00-49-56_TrackMyLift-AI/file_stream","body":"{\"error\":\"context deadline exceeded\"}"}
{"time":"2026-05-20T11:12:38.257240369+02:00","level":"INFO","msg":"api: retrying HTTP error","status":500,"url":"https://api.wandb.ai/files/nicolasdelp-universit-de-mons/TrackMyLift-AI/2026-05-20T00-49-56_TrackMyLift-AI/file_stream","body":"{\"error\":\"context deadline exceeded\"}"}
{"time":"2026-05-20T11:13:53.205629368+02:00","level":"INFO","msg":"api: retrying HTTP error","status":500,"url":"https://api.wandb.ai/files/nicolasdelp-universit-de-mons/TrackMyLift-AI/2026-05-20T00-49-56_TrackMyLift-AI/file_stream","body":"{\"error\":\"context deadline exceeded\"}"}
{"time":"2026-05-20T11:15:01.680276961+02:00","level":"INFO","msg":"api: retrying HTTP error","status":500,"url":"https://api.wandb.ai/files/nicolasdelp-universit-de-mons/TrackMyLift-AI/2026-05-20T00-49-56_TrackMyLift-AI/file_stream","body":"{\"error\":\"context deadline exceeded\"}"}
{"time":"2026-05-20T11:30:03.890265009+02:00","level":"INFO","msg":"api: retrying HTTP error","status":500,"url":"https://api.wandb.ai/files/nicolasdelp-universit-de-mons/TrackMyLift-AI/2026-05-20T00-49-56_TrackMyLift-AI/file_stream","body":"{\"error\":\"context deadline exceeded\"}"}
{"time":"2026-05-20T11:48:02.599299216+02:00","level":"INFO","msg":"api: retrying HTTP error","status":500,"url":"https://api.wandb.ai/files/nicolasdelp-universit-de-mons/TrackMyLift-AI/2026-05-20T00-49-56_TrackMyLift-AI/file_stream","body":"{\"error\":\"context deadline exceeded\"}"}
{"time":"2026-05-20T12:01:00.694405154+02:00","level":"INFO","msg":"api: retrying HTTP error","status":500,"url":"https://api.wandb.ai/files/nicolasdelp-universit-de-mons/TrackMyLift-AI/2026-05-20T00-49-56_TrackMyLift-AI/file_stream","body":"{\"error\":\"context deadline exceeded\"}"}
{"time":"2026-05-20T12:04:16.67375882+02:00","level":"INFO","msg":"api: retrying HTTP error","status":500,"url":"https://api.wandb.ai/files/nicolasdelp-universit-de-mons/TrackMyLift-AI/2026-05-20T00-49-56_TrackMyLift-AI/file_stream","body":"{\"error\":\"context deadline exceeded\"}"}
{"time":"2026-05-20T12:09:08.872394574+02:00","level":"INFO","msg":"api: retrying HTTP error","status":500,"url":"https://api.wandb.ai/files/nicolasdelp-universit-de-mons/TrackMyLift-AI/2026-05-20T00-49-56_TrackMyLift-AI/file_stream","body":"{\"error\":\"context deadline exceeded\"}"}
{"time":"2026-05-20T12:13:26.421652974+02:00","level":"INFO","msg":"api: retrying HTTP error","status":429,"url":"https://api.wandb.ai/files/nicolasdelp-universit-de-mons/TrackMyLift-AI/2026-05-20T00-49-56_TrackMyLift-AI/file_stream","body":"{\"error\":\"rate limit exceeded: per_run limit on filestream requests\"}"}
{"time":"2026-05-20T12:26:17.269835866+02:00","level":"INFO","msg":"api: retrying HTTP error","status":500,"url":"https://api.wandb.ai/files/nicolasdelp-universit-de-mons/TrackMyLift-AI/2026-05-20T00-49-56_TrackMyLift-AI/file_stream","body":"{\"error\":\"context deadline exceeded\"}"}
{"time":"2026-05-20T12:28:14.027043023+02:00","level":"INFO","msg":"api: retrying HTTP error","status":500,"url":"https://api.wandb.ai/files/nicolasdelp-universit-de-mons/TrackMyLift-AI/2026-05-20T00-49-56_TrackMyLift-AI/file_stream","body":"{\"error\":\"context deadline exceeded\"}"}
{"time":"2026-05-20T12:46:37.892288446+02:00","level":"INFO","msg":"api: retrying HTTP error","status":500,"url":"https://api.wandb.ai/files/nicolasdelp-universit-de-mons/TrackMyLift-AI/2026-05-20T00-49-56_TrackMyLift-AI/file_stream","body":"{\"error\":\"context deadline exceeded\"}"}
{"time":"2026-05-20T12:59:37.218632858+02:00","level":"INFO","msg":"api: retrying HTTP error","status":500,"url":"https://api.wandb.ai/files/nicolasdelp-universit-de-mons/TrackMyLift-AI/2026-05-20T00-49-56_TrackMyLift-AI/file_stream","body":"{\"error\":\"context deadline exceeded\"}"}
{"time":"2026-05-20T13:02:50.567451598+02:00","level":"INFO","msg":"api: retrying HTTP error","status":500,"url":"https://api.wandb.ai/files/nicolasdelp-universit-de-mons/TrackMyLift-AI/2026-05-20T00-49-56_TrackMyLift-AI/file_stream","body":"{\"error\":\"context deadline exceeded\"}"}
{"time":"2026-05-20T13:24:20.409060672+02:00","level":"INFO","msg":"api: retrying HTTP error","status":500,"url":"https://api.wandb.ai/files/nicolasdelp-universit-de-mons/TrackMyLift-AI/2026-05-20T00-49-56_TrackMyLift-AI/file_stream","body":"{\"error\":\"context deadline exceeded\"}"}
{"time":"2026-05-20T13:26:04.086896212+02:00","level":"INFO","msg":"api: retrying HTTP error","status":500,"url":"https://api.wandb.ai/files/nicolasdelp-universit-de-mons/TrackMyLift-AI/2026-05-20T00-49-56_TrackMyLift-AI/file_stream","body":"{\"error\":\"context deadline exceeded\"}"}
{"time":"2026-05-20T13:27:01.334697289+02:00","level":"INFO","msg":"api: retrying HTTP error","status":500,"url":"https://api.wandb.ai/files/nicolasdelp-universit-de-mons/TrackMyLift-AI/2026-05-20T00-49-56_TrackMyLift-AI/file_stream","body":"{\"error\":\"An internal error occurred. Please contact support.\"}"}
{"time":"2026-05-20T13:29:54.380668427+02:00","level":"INFO","msg":"api: retrying HTTP error","status":500,"url":"https://api.wandb.ai/files/nicolasdelp-universit-de-mons/TrackMyLift-AI/2026-05-20T00-49-56_TrackMyLift-AI/file_stream","body":"{\"error\":\"context deadline exceeded\"}"}
{"time":"2026-05-20T13:30:51.569182375+02:00","level":"INFO","msg":"api: retrying HTTP error","status":500,"url":"https://api.wandb.ai/files/nicolasdelp-universit-de-mons/TrackMyLift-AI/2026-05-20T00-49-56_TrackMyLift-AI/file_stream","body":"{\"error\":\"context deadline exceeded\"}"}
{"time":"2026-05-20T13:32:27.146474624+02:00","level":"INFO","msg":"api: retrying HTTP error","status":500,"url":"https://api.wandb.ai/files/nicolasdelp-universit-de-mons/TrackMyLift-AI/2026-05-20T00-49-56_TrackMyLift-AI/file_stream","body":"{\"error\":\"context deadline exceeded\"}"}
{"time":"2026-05-20T13:47:41.817457419+02:00","level":"INFO","msg":"api: retrying HTTP error","status":500,"url":"https://api.wandb.ai/files/nicolasdelp-universit-de-mons/TrackMyLift-AI/2026-05-20T00-49-56_TrackMyLift-AI/file_stream","body":"{\"error\":\"context deadline exceeded\"}"}
{"time":"2026-05-20T14:13:46.682942008+02:00","level":"INFO","msg":"api: retrying HTTP error","status":500,"url":"https://api.wandb.ai/files/nicolasdelp-universit-de-mons/TrackMyLift-AI/2026-05-20T00-49-56_TrackMyLift-AI/file_stream","body":"{\"error\":\"context deadline exceeded\"}"}
{"time":"2026-05-20T14:14:59.008069496+02:00","level":"INFO","msg":"api: retrying HTTP error","status":500,"url":"https://api.wandb.ai/files/nicolasdelp-universit-de-mons/TrackMyLift-AI/2026-05-20T00-49-56_TrackMyLift-AI/file_stream","body":"{\"error\":\"context deadline exceeded\"}"}
{"time":"2026-05-20T14:29:39.513747551+02:00","level":"INFO","msg":"api: retrying HTTP error","status":500,"url":"https://api.wandb.ai/files/nicolasdelp-universit-de-mons/TrackMyLift-AI/2026-05-20T00-49-56_TrackMyLift-AI/file_stream","body":"{\"error\":\"context deadline exceeded\"}"}
{"time":"2026-05-20T14:30:37.100649636+02:00","level":"INFO","msg":"api: retrying HTTP error","status":500,"url":"https://api.wandb.ai/files/nicolasdelp-universit-de-mons/TrackMyLift-AI/2026-05-20T00-49-56_TrackMyLift-AI/file_stream","body":"{\"error\":\"context deadline exceeded\"}"}
{"time":"2026-05-20T14:31:38.726556968+02:00","level":"INFO","msg":"api: retrying HTTP error","status":500,"url":"https://api.wandb.ai/files/nicolasdelp-universit-de-mons/TrackMyLift-AI/2026-05-20T00-49-56_TrackMyLift-AI/file_stream","body":"{\"error\":\"context deadline exceeded\"}"}
{"time":"2026-05-20T14:36:23.582116975+02:00","level":"INFO","msg":"api: retrying HTTP error","status":500,"url":"https://api.wandb.ai/files/nicolasdelp-universit-de-mons/TrackMyLift-AI/2026-05-20T00-49-56_TrackMyLift-AI/file_stream","body":"{\"error\":\"context deadline exceeded\"}"}
{"time":"2026-05-21T03:09:59.937589637+02:00","level":"INFO","msg":"fileTransfer: Close: file transfer manager closed"}
{"time":"2026-05-21T03:10:00.39015301+02:00","level":"INFO","msg":"handler: operation stats","stats":{}}
{"time":"2026-05-21T03:10:00.404418258+02:00","level":"INFO","msg":"stream: closing","id":"2026-05-20T00-49-56_TrackMyLift-AI"}
{"time":"2026-05-21T03:10:00.404457121+02:00","level":"INFO","msg":"handler: closed","stream_id":"2026-05-20T00-49-56_TrackMyLift-AI"}
{"time":"2026-05-21T03:10:00.404554867+02:00","level":"INFO","msg":"sender: closed","stream_id":"2026-05-20T00-49-56_TrackMyLift-AI"}
{"time":"2026-05-21T03:10:00.404579754+02:00","level":"INFO","msg":"stream: closed","id":"2026-05-20T00-49-56_TrackMyLift-AI"}
